[INFO] Nodo líder detectado via patronictl: postgres-master

=== OPTIMIZACIÓN INTELIGENTE DE PARÁMETROS CON IA (PATRONI) ===

Modo: container | dry-run: True | commit: False | n_calls: 4
[INFO] Encontrado contenedor con pgbench: postgres-replica1
[INFO] Usando contenedor detectado para pgbench: postgres-replica1
[INFO] Midiendo baseline (TPS actual) antes de cambios...
[INFO] pgbench exitoso en intento 1. TPS: 473.834789
[INFO] Baseline TPS: 473.834789

Probando: shared_buffers=512MB, work_mem=4MB, max_connections=89
[INFO] Nodo líder detectado via patronictl: postgres-master
[DRY-RUN] Se habría actualizado el YAML con:
    shared_buffers=512MB, work_mem=4MB, max_connections=89
[INFO] No se reiniciará el contenedor en modo dry-run.
[INFO] pgbench exitoso en intento 1. TPS: 398.546208
TPS obtenido: 398.546208

Probando: shared_buffers=256MB, work_mem=8MB, max_connections=55
[INFO] Nodo líder detectado via patronictl: postgres-master
[DRY-RUN] Se habría actualizado el YAML con:
    shared_buffers=256MB, work_mem=8MB, max_connections=55
[INFO] No se reiniciará el contenedor en modo dry-run.
[INFO] pgbench exitoso en intento 1. TPS: 394.141245
TPS obtenido: 394.141245

Probando: shared_buffers=256MB, work_mem=8MB, max_connections=57
[INFO] Nodo líder detectado via patronictl: postgres-master
[DRY-RUN] Se habría actualizado el YAML con:
    shared_buffers=256MB, work_mem=8MB, max_connections=57
[INFO] No se reiniciará el contenedor en modo dry-run.
[INFO] pgbench exitoso en intento 1. TPS: 169.481077
TPS obtenido: 169.481077

Probando: shared_buffers=256MB, work_mem=4MB, max_connections=86
[INFO] Nodo líder detectado via patronictl: postgres-master
[DRY-RUN] Se habría actualizado el YAML con:
    shared_buffers=256MB, work_mem=4MB, max_connections=86
[INFO] No se reiniciará el contenedor en modo dry-run.
[INFO] pgbench exitoso en intento 1. TPS: 224.213208
TPS obtenido: 224.213208
[INFO] Resumen en texto guardado en: results_autotune.txt

Mejor configuración encontrada:
  shared_buffers: 512MB
  work_mem: 4MB
  max_connections: 89
  Mejor TPS: 398.546208
Resultados guardados en: results_autotune.json
